This is pdfTeX, Version 3.1415926-1.40.10 (MiKTeX 2.8) (preloaded format=pdflatex 2009.11.20)  15 JUL 2011 10:21
entering extended mode
**I:/MATLAB7/work/Sourceforge/sub_WENDY/progress*update/CVT_MG*paper/cvt_mgopt1
d_rev_4.tex

("I:/MATLAB7/work/Sourceforge/sub_WENDY/progress update/CVT_MG paper/cvt_mgopt1
d_rev_4.tex"
LaTeX2e <2009/09/24>
Babel <v3.8l> and hyphenation patterns for english, dumylang, nohyphenation, ge
rman, ngerman, german-x-2009-06-19, ngerman-x-2009-06-19, french, loaded.

("I:\MATLAB7\work\Sourceforge\sub_WENDY\progress update\CVT_MG paper\siamltex.c
ls"
Document Class: siamltex 1996/10/11 v1.2 LaTeX document class
("h:\Program Files\MiKTeX 2.8\tex\latex\base\leqno.clo"
File: leqno.clo 1998/08/17 v1.1c Standard LaTeX option (left equation numbers)
)
("I:\MATLAB7\work\Sourceforge\sub_WENDY\progress update\CVT_MG paper\siam10.clo
"
File: siam10.clo 1994/10/01 v1.0 SIAM LaTeX file (size option)
)
\c@section=\count79
\c@subsection=\count80
\c@subsubsection=\count81
\c@paragraph=\count82
\c@subparagraph=\count83
\c@rmnum=\count84
\c@muni=\count85
\c@theorem=\count86
\c@figure=\count87
\c@table=\count88
\abovecaptionskip=\skip41
\belowcaptionskip=\skip42
\bibindent=\dimen102
) ("h:\Program Files\MiKTeX 2.8\tex\latex\graphics\graphicx.sty"
Package: graphicx 1999/02/16 v1.0f Enhanced LaTeX Graphics (DPC,SPQR)

("h:\Program Files\MiKTeX 2.8\tex\latex\graphics\keyval.sty"
Package: keyval 1999/03/16 v1.13 key=value parser (DPC)
\KV@toks@=\toks14
)
("h:\Program Files\MiKTeX 2.8\tex\latex\graphics\graphics.sty"
Package: graphics 2009/02/05 v1.0o Standard LaTeX Graphics (DPC,SPQR)

("h:\Program Files\MiKTeX 2.8\tex\latex\graphics\trig.sty"
Package: trig 1999/03/16 v1.09 sin cos tan (DPC)
)
("h:\Program Files\MiKTeX 2.8\tex\latex\00miktex\graphics.cfg"
File: graphics.cfg 2007/01/18 v1.5 graphics configuration of teTeX/TeXLive
)
Package graphics Info: Driver file: pdftex.def on input line 91.

("h:\Program Files\MiKTeX 2.8\tex\latex\pdftex-def\pdftex.def"
File: pdftex.def 2009/08/25 v0.04m Graphics/color for pdfTeX
\Gread@gobject=\count89
))
\Gin@req@height=\dimen103
\Gin@req@width=\dimen104
)
("h:\Program Files\MiKTeX 2.8\tex\latex\float\float.sty"
Package: float 2001/11/08 v1.3d Float enhancements (AL)
\c@float@type=\count90
\float@exts=\toks15
\float@box=\box26
\@float@everytoks=\toks16
\@floatcapt=\box27
)
("h:\Program Files\MiKTeX 2.8\tex\latex\subfig\subfig.sty"
Package: subfig 2005/06/28 ver: 1.3 subfig package

("h:\Program Files\MiKTeX 2.8\tex\latex\caption\caption.sty"
Package: caption 2009/10/09 v3.1k Customizing captions (AR)

("h:\Program Files\MiKTeX 2.8\tex\latex\caption\caption3.sty"
Package: caption3 2009/10/09 v3.1k caption3 kernel (AR)
\captionmargin=\dimen105
\captionmargin@=\dimen106
\captionwidth=\dimen107
\caption@indent=\dimen108
\caption@parindent=\dimen109
\caption@hangindent=\dimen110
Package caption Info: Unknown document class (or package),
(caption)             standard defaults will be used on input line 1068.
)

Package caption Warning: Unsupported document class (or package) detected,
(caption)                usage of the caption package is not recommended.
See the caption package documentation for explanation.

Package caption Info: \@makecaption = \long macro:#1#2->\footnotesize \setlengt
h {\parindent }{1.5pc} \ifx \@captype \@figtxt \vskip \abovecaptionskip \setbox
 \@tempboxa \hbox {{\normalfont \scshape #1}. {\normalfont \itshape #2}}\ifdim 
\wd \@tempboxa >\hsize {\normalfont \scshape #1}. {\normalfont \itshape #2}\par
 \else \global \@minipagefalse \hb@xt@ \hsize {\hfil \box \@tempboxa \hfil }\fi
 \else \hbox to\hsize {\hfil {\normalfont \scshape #1}\hfil }\setbox \@tempboxa
 \hbox {{\normalfont \itshape #2}}\ifdim \wd \@tempboxa >\hsize {\normalfont \i
tshape #2}\par \else \global \@minipagefalse \hb@xt@ \hsize {\hfil \box \@tempb
oxa \hfil }\fi \vskip \belowcaptionskip \fi .
\c@ContinuedFloat=\count91
Package caption Info: float package is loaded.
)
\c@KVtest=\count92
\sf@farskip=\skip43
\sf@captopadj=\dimen111
\sf@capskip=\skip44
\sf@nearskip=\skip45
\c@subfigure=\count93
\c@subfigure@save=\count94
\c@lofdepth=\count95
\c@subtable=\count96
\c@subtable@save=\count97
\c@lotdepth=\count98
\sf@top=\skip46
\sf@bottom=\skip47
) ("h:\Program Files\MiKTeX 2.8\tex\latex\graphics\epsfig.sty"
Package: epsfig 1999/02/16 v1.7a (e)psfig emulation (SPQR)
\epsfxsize=\dimen112
\epsfysize=\dimen113
)
("h:\Program Files\MiKTeX 2.8\tex\latex\graphics\color.sty"
Package: color 2005/11/14 v1.0j Standard LaTeX Color (DPC)

("h:\Program Files\MiKTeX 2.8\tex\latex\00miktex\color.cfg"
File: color.cfg 2007/01/18 v1.5 color configuration of teTeX/TeXLive
)
Package color Info: Driver file: pdftex.def on input line 130.
)
("h:\Program Files\MiKTeX 2.8\tex\latex\epsf\epsf.sty"
This is `epsf.tex' v2.7.3 <23 July 2005>
\epsffilein=\read1
\epsfframemargin=\dimen114
\epsfframethickness=\dimen115
\epsfrsize=\dimen116
\epsftmp=\dimen117
\epsftsize=\dimen118
\epsfxsize=\dimen119
\epsfysize=\dimen120
\pspoints=\dimen121
) ("h:\Program Files\MiKTeX 2.8\tex\latex\ams\math\amsmath.sty"
Package: amsmath 2000/07/18 v2.13 AMS math features
\@mathmargin=\skip48

For additional information on amsmath, use the `?' option.
("h:\Program Files\MiKTeX 2.8\tex\latex\ams\math\amstext.sty"
Package: amstext 2000/06/29 v2.01

("h:\Program Files\MiKTeX 2.8\tex\latex\ams\math\amsgen.sty"
File: amsgen.sty 1999/11/30 v2.0
\@emptytoks=\toks17
\ex@=\dimen122
))
("h:\Program Files\MiKTeX 2.8\tex\latex\ams\math\amsbsy.sty"
Package: amsbsy 1999/11/29 v1.2d
\pmbraise@=\dimen123
)
("h:\Program Files\MiKTeX 2.8\tex\latex\ams\math\amsopn.sty"
Package: amsopn 1999/12/14 v2.01 operator names
)
\inf@bad=\count99
LaTeX Info: Redefining \frac on input line 211.
\uproot@=\count100
\leftroot@=\count101
LaTeX Info: Redefining \overline on input line 307.
\classnum@=\count102
\DOTSCASE@=\count103
LaTeX Info: Redefining \ldots on input line 379.
LaTeX Info: Redefining \dots on input line 382.
LaTeX Info: Redefining \cdots on input line 467.
\Mathstrutbox@=\box28
\strutbox@=\box29
\big@size=\dimen124
LaTeX Font Info:    Redeclaring font encoding OML on input line 567.
LaTeX Font Info:    Redeclaring font encoding OMS on input line 568.
\macc@depth=\count104
\c@MaxMatrixCols=\count105
\dotsspace@=\muskip10
\c@parentequation=\count106
\dspbrk@lvl=\count107
\tag@help=\toks18
\row@=\count108
\column@=\count109
\maxfields@=\count110
\andhelp@=\toks19
\eqnshift@=\dimen125
\alignsep@=\dimen126
\tagshift@=\dimen127
\tagwidth@=\dimen128
\totwidth@=\dimen129
\lineht@=\dimen130
\@envbody=\toks20
\multlinegap=\skip49
\multlinetaggap=\skip50
\mathdisplay@stack=\toks21
LaTeX Info: Redefining \[ on input line 2666.
LaTeX Info: Redefining \] on input line 2667.
)
("h:\Program Files\MiKTeX 2.8\tex\latex\amsfonts\amssymb.sty"
Package: amssymb 2009/06/22 v3.00

("h:\Program Files\MiKTeX 2.8\tex\latex\amsfonts\amsfonts.sty"
Package: amsfonts 2009/06/22 v3.00 Basic AMSFonts support
\symAMSa=\mathgroup4
\symAMSb=\mathgroup5
LaTeX Font Info:    Overwriting math alphabet `\mathfrak' in version `bold'
(Font)                  U/euf/m/n --> U/euf/b/n on input line 96.
))
\@input{CVT_macros.aux}

("I:\MATLAB7\work\Sourceforge\sub_WENDY\progress update\CVT_MG paper\CVT_macros
.tex"
\c@alg=\count111
\c@thm=\count112
\c@pro=\count113
\c@defn=\count114
\c@asp=\count115
\c@rmk=\count116
)
("I:\MATLAB7\work\Sourceforge\sub_WENDY\progress update\CVT_MG paper\cvt_mgopt1
d_rev_4.aux")
LaTeX Font Info:    Checking defaults for OML/cmm/m/it on input line 30.
LaTeX Font Info:    ... okay on input line 30.
LaTeX Font Info:    Checking defaults for T1/cmr/m/n on input line 30.
LaTeX Font Info:    ... okay on input line 30.
LaTeX Font Info:    Checking defaults for OT1/cmr/m/n on input line 30.
LaTeX Font Info:    ... okay on input line 30.
LaTeX Font Info:    Checking defaults for OMS/cmsy/m/n on input line 30.
LaTeX Font Info:    ... okay on input line 30.
LaTeX Font Info:    Checking defaults for OMX/cmex/m/n on input line 30.
LaTeX Font Info:    ... okay on input line 30.
LaTeX Font Info:    Checking defaults for U/cmr/m/n on input line 30.
LaTeX Font Info:    ... okay on input line 30.
 ("h:\Program Files\MiKTeX 2.8\tex\context\base\supp-pdf.tex"
[Loading MPS to PDF converter (version 2006.09.02).]
\scratchcounter=\count117
\scratchdimen=\dimen131
\scratchbox=\box30
\nofMPsegments=\count118
\nofMParguments=\count119
\everyMPshowfont=\toks22
\MPscratchCnt=\count120
\MPscratchDim=\dimen132
\MPnumerator=\count121
\everyMPtoPDFconversion=\toks23
)
Package caption Info: Begin \AtBeginDocument code.
Package caption3 Info: subfig package 1.2 or 1.3 is loaded.
LaTeX Info: Redefining \subref on input line 30.
Package caption Info: End \AtBeginDocument code.
LaTeX Font Info:    Try loading font information for U+msa on input line 32.
 ("h:\Program Files\MiKTeX 2.8\tex\latex\amsfonts\umsa.fd"
File: umsa.fd 2009/06/22 v3.00 AMS symbols A
)
LaTeX Font Info:    Try loading font information for U+msb on input line 32.

("h:\Program Files\MiKTeX 2.8\tex\latex\amsfonts\umsb.fd"
File: umsb.fd 2009/06/22 v3.00 AMS symbols B
)
Underfull \hbox (badness 2495) in paragraph at lines 32--32
[][]\OT1/cmr/m/n/8 Department of Math-e-mat-i-cal Sci-ences, George Ma-son Uni-
ver-sity, Fair-fax, VA 22030.
 []


Underfull \hbox (badness 2495) in paragraph at lines 32--32
[][]\OT1/cmr/m/n/8 Department of Math-e-mat-i-cal Sci-ences, George Ma-son Uni-
ver-sity, Fair-fax, VA 22030.
 []


LaTeX Warning: Citation `DGJ10' on page 1 undefined on input line 72.

[1



{C:/ProgramData/MiKTeX/2.8/pdftex/config/pdftex.map}]

LaTeX Warning: Citation `DGJ10' on page 2 undefined on input line 75.


Underfull \vbox (badness 3954) has occurred while \output is active []

 [2]
[3] [4] [5]
Underfull \hbox (badness 10000) in paragraph at lines 190--192

 []


Underfull \hbox (badness 10000) in paragraph at lines 195--196

 []

[6] <valgrad512_MG_OPT_LLOYD.jpg, id=38, 372.64218pt x 287.57437pt>
File: valgrad512_MG_OPT_LLOYD.jpg Graphic file (type jpg)

<use valgrad512_MG_OPT_LLOYD.jpg>
<nonr_512mg_opt_lloyd.jpg, id=39, 509.65407pt x 371.13657pt>
File: nonr_512mg_opt_lloyd.jpg Graphic file (type jpg)

<use nonr_512mg_opt_lloyd.jpg> [7 <I:/MATLAB7/work/Sourceforge/sub_WENDY/progre
ss update/CVT_MG paper/valgrad512_MG_OPT_LLOYD.jpg> <I:/MATLAB7/work/Sourceforg
e/sub_WENDY/progress update/CVT_MG paper/nonr_512mg_opt_lloyd.jpg>]
<ave_uni_mg_opt1.jpg, id=47, 768.62157pt x 246.9225pt>
File: ave_uni_mg_opt1.jpg Graphic file (type jpg)

<use ave_uni_mg_opt1.jpg>
<uniopt_mg_bad_ini1.jpg, id=48, 742.27313pt x 246.1697pt>
File: uniopt_mg_bad_ini1.jpg Graphic file (type jpg)

<use uniopt_mg_bad_ini1.jpg>

LaTeX Warning: `h' float specifier changed to `ht'.

[8 <I:/MATLAB7/work/Sourceforge/sub_WENDY/progress update/CVT_MG paper/ave_uni_
mg_opt1.jpg>] <uni_diffstop.jpg, id=52, 832.10875pt x 263.98625pt>
File: uni_diffstop.jpg Graphic file (type jpg)

<use uni_diffstop.jpg> <diff_nonlgt.jpg, id=53, 834.11626pt x 259.97125pt>
File: diff_nonlgt.jpg Graphic file (type jpg)

<use diff_nonlgt.jpg>

LaTeX Warning: `h' float specifier changed to `ht'.

<uniform_mg_ml.jpg, id=54, 493.845pt x 239.89626pt>
File: uniform_mg_ml.jpg Graphic file (type jpg)
 <use uniform_mg_ml.jpg>
<linear_mg_ml.jpg, id=55, 498.86375pt x 244.915pt>
File: linear_mg_ml.jpg Graphic file (type jpg)
 <use linear_mg_ml.jpg>

LaTeX Warning: `h' float specifier changed to `ht'.

[9 <I:/MATLAB7/work/Sourceforge/sub_WENDY/progress update/CVT_MG paper/uniopt_m
g_bad_ini1.jpg> <I:/MATLAB7/work/Sourceforge/sub_WENDY/progress update/CVT_MG p
aper/uni_diffstop.jpg>] [10 <I:/MATLAB7/work/Sourceforge/sub_WENDY/progress upd
ate/CVT_MG paper/diff_nonlgt.jpg> <I:/MATLAB7/work/Sourceforge/sub_WENDY/progre
ss update/CVT_MG paper/uniform_mg_ml.jpg> <I:/MATLAB7/work/Sourceforge/sub_WEND
Y/progress update/CVT_MG paper/linear_mg_ml.jpg>] [11]
<comp_opt_mg_low1.jpg, id=65, 744.53156pt x 248.42813pt>
File: comp_opt_mg_low1.jpg Graphic file (type jpg)

<use comp_opt_mg_low1.jpg> [12 <I:/MATLAB7/work/Sourceforge/sub_WENDY/progress 
update/CVT_MG paper/comp_opt_mg_low1.jpg>] [13]
("I:\MATLAB7\work\Sourceforge\sub_WENDY\progress update\CVT_MG paper\cvt_mgopt1
d_rev_4.bbl"
Underfull \vbox (badness 1028) has occurred while \output is active []

 [14])
[15]
("I:\MATLAB7\work\Sourceforge\sub_WENDY\progress update\CVT_MG paper\cvt_mgopt1
d_rev_4.aux")

LaTeX Warning: There were undefined references.

 ) 
Here is how much of TeX's memory you used:
 3358 strings out of 495285
 46553 string characters out of 3180393
 111191 words of memory out of 3000000
 6521 multiletter control sequences out of 15000+200000
 11826 words of font info for 47 fonts, out of 3000000 for 9000
 14 hyphenation exceptions out of 8191
 44i,12n,45p,1465b,392s stack positions out of 5000i,500n,10000p,200000b,50000s
<h:/Program Files/MiKTeX 2.8/fonts/type1/public/amsfonts/cm/cmbx10.pfb><h:/Pr
ogram Files/MiKTeX 2.8/fonts/type1/public/amsfonts/cm/cmbx7.pfb><h:/Program Fil
es/MiKTeX 2.8/fonts/type1/public/amsfonts/cm/cmbx8.pfb><h:/Program Files/MiKTeX
 2.8/fonts/type1/public/amsfonts/cm/cmcsc10.pfb><h:/Program Files/MiKTeX 2.8/fo
nts/type1/public/amsfonts/cm/cmex10.pfb><h:/Program Files/MiKTeX 2.8/fonts/type
1/public/amsfonts/cm/cmmi10.pfb><h:/Program Files/MiKTeX 2.8/fonts/type1/public
/amsfonts/cm/cmmi5.pfb><h:/Program Files/MiKTeX 2.8/fonts/type1/public/amsfonts
/cm/cmmi6.pfb><h:/Program Files/MiKTeX 2.8/fonts/type1/public/amsfonts/cm/cmmi7
.pfb><h:/Program Files/MiKTeX 2.8/fonts/type1/public/amsfonts/cm/cmmi8.pfb><h:/
Program Files/MiKTeX 2.8/fonts/type1/public/amsfonts/cm/cmr10.pfb><h:/Program F
iles/MiKTeX 2.8/fonts/type1/public/amsfonts/cm/cmr5.pfb><h:/Program Files/MiKTe
X 2.8/fonts/type1/public/amsfonts/cm/cmr6.pfb><h:/Program Files/MiKTeX 2.8/font
s/type1/public/amsfonts/cm/cmr7.pfb><h:/Program Files/MiKTeX 2.8/fonts/type1/pu
blic/amsfonts/cm/cmr8.pfb><h:/Program Files/MiKTeX 2.8/fonts/type1/public/amsfo
nts/cm/cmsy10.pfb><h:/Program Files/MiKTeX 2.8/fonts/type1/public/amsfonts/cm/c
msy6.pfb><h:/Program Files/MiKTeX 2.8/fonts/type1/public/amsfonts/cm/cmsy7.pfb>
<h:/Program Files/MiKTeX 2.8/fonts/type1/public/amsfonts/cm/cmti10.pfb><h:/Prog
ram Files/MiKTeX 2.8/fonts/type1/public/amsfonts/cm/cmti8.pfb><h:/Program Files
/MiKTeX 2.8/fonts/type1/public/amsfonts/cm/cmtt10.pfb><h:/Program Files/MiKTeX 
2.8/fonts/type1/public/amsfonts/cm/cmtt8.pfb><h:/Program Files/MiKTeX 2.8/fonts
/type1/public/amsfonts/symbols/msbm10.pfb>
Output written on cvt_mgopt1d_rev_4.pdf (15 pages, 681361 bytes).
PDF statistics:
 152 PDF objects out of 1000 (max. 8388607)
 0 named destinations out of 1000 (max. 500000)
 46 words of extra memory for PDF output out of 10000 (max. 10000000)

