
mg
In  mgrid: n = 1025
  it     nf     cg           f           |g|
   0      1      0    1.44804373e+004   2.4e+004
   1      2      2    9.55099407e+002   5.1e+003
 
#################################
### NO EXTRA BOUND CONSTRAINT ###
#################################
 
In  mgrid: n = 513
  it     nf     cg           f           |g|
   0      1      0    1.47426411e+003   1.8e+003
   1      2      2    1.24514877e+003   5.5e+002
 
#################################
### NO EXTRA BOUND CONSTRAINT ###
#################################
 
In  mgrid: n = 257
  it     nf     cg           f           |g|
   0      1      0    2.56203259e+002   2.0e+002
   1      2      2    2.48079397e+002   6.5e+001
 
#################################
### NO EXTRA BOUND CONSTRAINT ###
#################################
 
In  mgrid: n = 129
  it     nf     cg           f           |g|
   0      1      0    4.60447904e+001   3.6e+001
   1      2      3    4.55001615e+001   1.4e+001
 
#################################
### NO EXTRA BOUND CONSTRAINT ###
#################################
 
In  mgrid: n = 65
  it     nf     cg           f           |g|
   0      1      0    1.09475024e+001   4.6e+000
   1      2     21    6.01833646e+000   8.9e+000
 
#################################
### NO EXTRA BOUND CONSTRAINT ###
#################################
 
In  mgrid: n = 33
  it     nf     cg           f           |g|
   0      1      0    1.50640277e+000   3.8e+000
   1      2     10    1.04337704e+000   2.4e+000
   2      3     28    6.51684304e-001   1.7e+000
   3      4     45    4.23605607e-001   1.5e+000
   4      5     63    6.12090856e-002   7.5e+000
   5      6     81   -6.01898202e-002   7.5e+000
   6      7     96   -1.80404120e-001   7.5e+000
   7      8    114   -5.40984239e-001   7.5e+000
   8      9    132   -1.62265090e+000   7.7e+000
   9     10    144   -4.86050514e+000   7.9e+000
  10     11    154   -8.10045743e+000   8.0e+000
  11     12    161   -1.13437801e+001   8.1e+000
  12     13    166   -1.45891289e+001   8.1e+000
  13     14    173   -1.78365772e+001   8.2e+000
  14     15    179   -2.10856971e+001   8.2e+000
  15     16    185   -2.43359476e+001   8.2e+000
  16     17    194   -2.75875558e+001   8.2e+000
  17     18    198   -3.08398990e+001   8.2e+000
  18     19    206   -3.40929747e+001   8.3e+000
  19     20    213   -3.73465245e+001   8.3e+000
  20     21    218   -4.06004017e+001   8.3e+000
  21     22    223   -4.38545205e+001   8.3e+000
  22     23    230   -4.71088671e+001   8.3e+000
  23     24    235   -5.03633724e+001   8.3e+000
  24     25    240   -5.36180074e+001   8.3e+000
  25     26    245   -5.68727367e+001   8.3e+000
In  mgrid: n = 65
  it     nf     cg           f           |g|
   0      1      0    6.00418000e+000   8.9e+000
   1      2     21    5.05568920e+000   3.4e+000
In  mgrid: n = 129
  it     nf     cg           f           |g|
   0      1      0    3.42131611e+001   8.2e+001
   1      2      3    3.40089675e+001   2.2e+001
In  mgrid: n = 257
  it     nf     cg           f           |g|
   0      1      0    2.24674735e+002   1.9e+002
   1      2      3    2.23992259e+002   6.1e+001
In  mgrid: n = 513
  it     nf     cg           f           |g|
   0      1      0    1.18168809e+003   5.4e+002
   1      2      3    1.17165034e+003   1.4e+002
In  mgrid: n = 1025
  it     nf     cg           f           |g|
   0      1      0    3.51409075e+002   5.1e+003
   1      2      2    5.85019050e+001   1.1e+003

-------------------------------------------
Optimization costs per grid
-------------------------------------------
N:       1025   513   257   129    65    33
-------------------------------------------
NF(it):     2     2     2     2     2    25
NF(nf):     4     4     4     4     4    26
NF(cg):     4     5     5     6    42   245
-------------------------------------------