This is pdfTeX, Version 3.1415926-1.40.10 (MiKTeX 2.8) (preloaded format=pdflatex 2010.9.30)  26 MAY 2011 13:34
entering extended mode
**C:/MatlabR2009a/work/SVNrep/WENDY/sub_WENDY/progress*update/5.14-26/mg_opt5.8
-26report.tex

("C:/MatlabR2009a/work/SVNrep/WENDY/sub_WENDY/progress update/5.14-26/mg_opt5.8
-26report.tex"
LaTeX2e <2009/09/24>
Babel <v3.8l> and hyphenation patterns for english, dumylang, nohyphenation, ge
rman, ngerman, german-x-2009-06-19, ngerman-x-2009-06-19, french, loaded.
("C:\Program Files\MiKTeX 2.8\tex\latex\base\article.cls"
Document Class: article 2007/10/19 v1.4h Standard LaTeX document class
("C:\Program Files\MiKTeX 2.8\tex\latex\base\size10.clo"
File: size10.clo 2007/10/19 v1.4h Standard LaTeX file (size option)
)
\c@part=\count79
\c@section=\count80
\c@subsection=\count81
\c@subsubsection=\count82
\c@paragraph=\count83
\c@subparagraph=\count84
\c@figure=\count85
\c@table=\count86
\abovecaptionskip=\skip41
\belowcaptionskip=\skip42
\bibindent=\dimen102
)
("C:\Program Files\MiKTeX 2.8\tex\latex\ams\math\amsmath.sty"
Package: amsmath 2000/07/18 v2.13 AMS math features
\@mathmargin=\skip43

For additional information on amsmath, use the `?' option.
("C:\Program Files\MiKTeX 2.8\tex\latex\ams\math\amstext.sty"
Package: amstext 2000/06/29 v2.01

("C:\Program Files\MiKTeX 2.8\tex\latex\ams\math\amsgen.sty"
File: amsgen.sty 1999/11/30 v2.0
\@emptytoks=\toks14
\ex@=\dimen103
))
("C:\Program Files\MiKTeX 2.8\tex\latex\ams\math\amsbsy.sty"
Package: amsbsy 1999/11/29 v1.2d
\pmbraise@=\dimen104
)
("C:\Program Files\MiKTeX 2.8\tex\latex\ams\math\amsopn.sty"
Package: amsopn 1999/12/14 v2.01 operator names
)
\inf@bad=\count87
LaTeX Info: Redefining \frac on input line 211.
\uproot@=\count88
\leftroot@=\count89
LaTeX Info: Redefining \overline on input line 307.
\classnum@=\count90
\DOTSCASE@=\count91
LaTeX Info: Redefining \ldots on input line 379.
LaTeX Info: Redefining \dots on input line 382.
LaTeX Info: Redefining \cdots on input line 467.
\Mathstrutbox@=\box26
\strutbox@=\box27
\big@size=\dimen105
LaTeX Font Info:    Redeclaring font encoding OML on input line 567.
LaTeX Font Info:    Redeclaring font encoding OMS on input line 568.
\macc@depth=\count92
\c@MaxMatrixCols=\count93
\dotsspace@=\muskip10
\c@parentequation=\count94
\dspbrk@lvl=\count95
\tag@help=\toks15
\row@=\count96
\column@=\count97
\maxfields@=\count98
\andhelp@=\toks16
\eqnshift@=\dimen106
\alignsep@=\dimen107
\tagshift@=\dimen108
\tagwidth@=\dimen109
\totwidth@=\dimen110
\lineht@=\dimen111
\@envbody=\toks17
\multlinegap=\skip44
\multlinetaggap=\skip45
\mathdisplay@stack=\toks18
LaTeX Info: Redefining \[ on input line 2666.
LaTeX Info: Redefining \] on input line 2667.
)
("C:\Program Files\MiKTeX 2.8\tex\latex\graphics\graphicx.sty"
Package: graphicx 1999/02/16 v1.0f Enhanced LaTeX Graphics (DPC,SPQR)

("C:\Program Files\MiKTeX 2.8\tex\latex\graphics\keyval.sty"
Package: keyval 1999/03/16 v1.13 key=value parser (DPC)
\KV@toks@=\toks19
)
("C:\Program Files\MiKTeX 2.8\tex\latex\graphics\graphics.sty"
Package: graphics 2009/02/05 v1.0o Standard LaTeX Graphics (DPC,SPQR)

("C:\Program Files\MiKTeX 2.8\tex\latex\graphics\trig.sty"
Package: trig 1999/03/16 v1.09 sin cos tan (DPC)
)
("C:\Program Files\MiKTeX 2.8\tex\latex\00miktex\graphics.cfg"
File: graphics.cfg 2007/01/18 v1.5 graphics configuration of teTeX/TeXLive
)
Package graphics Info: Driver file: pdftex.def on input line 91.

("C:\Program Files\MiKTeX 2.8\tex\latex\pdftex-def\pdftex.def"
File: pdftex.def 2009/08/25 v0.04m Graphics/color for pdfTeX
\Gread@gobject=\count99
))
\Gin@req@height=\dimen112
\Gin@req@width=\dimen113
)
("C:\Program Files\MiKTeX 2.8\tex\latex\float\float.sty"
Package: float 2001/11/08 v1.3d Float enhancements (AL)
\c@float@type=\count100
\float@exts=\toks20
\float@box=\box28
\@float@everytoks=\toks21
\@floatcapt=\box29
)
("C:\Program Files\MiKTeX 2.8\tex\latex\subfig\subfig.sty"
Package: subfig 2005/06/28 ver: 1.3 subfig package

("C:\Program Files\MiKTeX 2.8\tex\latex\caption\caption.sty"
Package: caption 2010/01/09 v3.1m Customizing captions (AR)

("C:\Program Files\MiKTeX 2.8\tex\latex\caption\caption3.sty"
Package: caption3 2010/01/14 v3.1m caption3 kernel (AR)
\captionmargin=\dimen114
\captionmargin@=\dimen115
\captionwidth=\dimen116
\caption@indent=\dimen117
\caption@parindent=\dimen118
\caption@hangindent=\dimen119
)
\c@ContinuedFloat=\count101
Package caption Info: float package is loaded.
)
\c@KVtest=\count102
\sf@farskip=\skip46
\sf@captopadj=\dimen120
\sf@capskip=\skip47
\sf@nearskip=\skip48
\c@subfigure=\count103
\c@subfigure@save=\count104
\c@lofdepth=\count105
\c@subtable=\count106
\c@subtable@save=\count107
\c@lotdepth=\count108
\sf@top=\skip49
\sf@bottom=\skip50
)
("C:\Program Files\MiKTeX 2.8\tex\latex\graphics\epsfig.sty"
Package: epsfig 1999/02/16 v1.7a (e)psfig emulation (SPQR)
\epsfxsize=\dimen121
\epsfysize=\dimen122
)
("C:\Program Files\MiKTeX 2.8\tex\latex\graphics\color.sty"
Package: color 2005/11/14 v1.0j Standard LaTeX Color (DPC)

("C:\Program Files\MiKTeX 2.8\tex\latex\00miktex\color.cfg"
File: color.cfg 2007/01/18 v1.5 color configuration of teTeX/TeXLive
)
Package color Info: Driver file: pdftex.def on input line 130.
)
\@input{wendy_macros.aux}

("C:\MatlabR2009a\work\SVNrep\WENDY\sub_WENDY\progress update\5.14-26\wendy_mac
ros.tex"
\c@alg=\count109
\c@thm=\count110
\c@pro=\count111
\c@defn=\count112
\c@asp=\count113
\c@rmk=\count114
)
("C:\MatlabR2009a\work\SVNrep\WENDY\sub_WENDY\progress update\5.14-26\mg_opt5.8
-26report.aux")
LaTeX Font Info:    Checking defaults for OML/cmm/m/it on input line 12.
LaTeX Font Info:    ... okay on input line 12.
LaTeX Font Info:    Checking defaults for T1/cmr/m/n on input line 12.
LaTeX Font Info:    ... okay on input line 12.
LaTeX Font Info:    Checking defaults for OT1/cmr/m/n on input line 12.
LaTeX Font Info:    ... okay on input line 12.
LaTeX Font Info:    Checking defaults for OMS/cmsy/m/n on input line 12.
LaTeX Font Info:    ... okay on input line 12.
LaTeX Font Info:    Checking defaults for OMX/cmex/m/n on input line 12.
LaTeX Font Info:    ... okay on input line 12.
LaTeX Font Info:    Checking defaults for U/cmr/m/n on input line 12.
LaTeX Font Info:    ... okay on input line 12.
 ("C:\Program Files\MiKTeX 2.8\tex\context\base\supp-pdf.tex"
[Loading MPS to PDF converter (version 2006.09.02).]
\scratchcounter=\count115
\scratchdimen=\dimen123
\scratchbox=\box30
\nofMPsegments=\count116
\nofMParguments=\count117
\everyMPshowfont=\toks22
\MPscratchCnt=\count118
\MPscratchDim=\dimen124
\MPnumerator=\count119
\everyMPtoPDFconversion=\toks23
)
Package caption Info: Begin \AtBeginDocument code.
Package caption3 Info: subfig package 1.2 or 1.3 is loaded.
LaTeX Info: Redefining \subref on input line 12.
Package caption Info: End \AtBeginDocument code.
LaTeX Font Info:    Try loading font information for OMS+cmr on input line 17.
 ("C:\Program Files\MiKTeX 2.8\tex\latex\base\omscmr.fd"
File: omscmr.fd 1999/05/25 v2.5h Standard LaTeX font definitions
)
LaTeX Font Info:    Font shape `OMS/cmr/m/n' in size <10> not available
(Font)              Font shape `OMS/cmsy/m/n' tried instead on input line 17.

Overfull \hbox (79.99673pt too wide) in paragraph at lines 32--32
 []        \OT1/cmtt/m/n/10 [ipivot, flast] = modz (x, p, ipivot, low, up, flas
t, f, alpha);[] 
 []

<2-side-evalgrad.jpg, id=1, 567.11874pt x 610.28pt>
File: 2-side-evalgrad.jpg Graphic file (type jpg)
 <use 2-side-evalgrad.jpg>

LaTeX Warning: `h' float specifier changed to `ht'.

[1



{C:/Documents and Settings/All Users/Application Data/MiKTeX/2.8/pdftex/config/
pdftex.map}]
Underfull \hbox (badness 10000) in paragraph at lines 58--59

 []


Underfull \hbox (badness 10000) in paragraph at lines 65--66

 []


Underfull \hbox (badness 10000) in paragraph at lines 69--70

 []


Overfull \hbox (50.33556pt too wide) detected at line 74
\OT1/cmr/m/n/10 = \OML/cmm/m/it/10 v[] \OT1/cmr/m/n/10 + \OML/cmm/m/it/10 l[] \
OT1/cmr/m/n/10 + 1\OML/cmm/m/it/10 =\OT1/cmr/m/n/10 4\OML/cmm/m/it/10 v[] \OMS/
cmsy/m/n/10   \OT1/cmr/m/n/10 1\OML/cmm/m/it/10 =\OT1/cmr/m/n/10 2\OML/cmm/m/it
/10 v[] \OT1/cmr/m/n/10 + 1\OML/cmm/m/it/10 =\OT1/cmr/m/n/10 4\OML/cmm/m/it/10 
v[] \OMS/cmsy/m/n/10   \OT1/cmr/m/n/10 (1\OML/cmm/m/it/10 =\OT1/cmr/m/n/10 4\OM
L/cmm/m/it/10 v[] \OT1/cmr/m/n/10 + 1\OML/cmm/m/it/10 =\OT1/cmr/m/n/10 2\OML/cm
m/m/it/10 v[] \OT1/cmr/m/n/10 + 1\OML/cmm/m/it/10 =\OT1/cmr/m/n/10 4\OML/cmm/m/
it/10 v[]\OT1/cmr/m/n/10 )
 []

[2]
Overfull \hbox (92.87155pt too wide) detected at line 78
\OT1/cmr/m/n/10 = \OML/cmm/m/it/10 v[] \OT1/cmr/m/n/10 + 1\OML/cmm/m/it/10 =\OT
1/cmr/m/n/10 2(\OML/cmm/m/it/10 e[] \OT1/cmr/m/n/10 + \OML/cmm/m/it/10 e[]\OT1/
cmr/m/n/10 ) \OMS/cmsy/m/n/10   \OT1/cmr/m/n/10 1\OML/cmm/m/it/10 =\OT1/cmr/m/n
/10 2(1\OML/cmm/m/it/10 =\OT1/cmr/m/n/10 2\OML/cmm/m/it/10 v[] \OT1/cmr/m/n/10 
+ 1\OML/cmm/m/it/10 =\OT1/cmr/m/n/10 2\OML/cmm/m/it/10 v[] \OT1/cmr/m/n/10 + 1\
OML/cmm/m/it/10 =\OT1/cmr/m/n/10 2\OML/cmm/m/it/10 v[] \OT1/cmr/m/n/10 + 1\OML/
cmm/m/it/10 =\OT1/cmr/m/n/10 2\OML/cmm/m/it/10 v[] \OT1/cmr/m/n/10 + 1\OML/cmm/
m/it/10 =\OT1/cmr/m/n/10 4\OML/cmm/m/it/10 v[]\OT1/cmr/m/n/10 )
 []

<newcoarsebound257.jpg, id=22, 567.11874pt x 610.28pt>
File: newcoarsebound257.jpg Graphic file (type jpg)

<use newcoarsebound257.jpg>

LaTeX Warning: `h' float specifier changed to `ht'.

[3] [4 <C:/MatlabR2009a/work/SVNrep/WENDY/sub_WENDY/progress update/5.14-26/2-s
ide-evalgrad.jpg>] [5 <C:/MatlabR2009a/work/SVNrep/WENDY/sub_WENDY/progress upd
ate/5.14-26/newcoarsebound257.jpg>]
("C:\MatlabR2009a\work\SVNrep\WENDY\sub_WENDY\progress update\5.14-26\mg_opt5.8
-26report.aux") ) 
Here is how much of TeX's memory you used:
 2840 strings out of 495285
 40524 string characters out of 3180325
 108760 words of memory out of 3000000
 6039 multiletter control sequences out of 15000+200000
 9193 words of font info for 34 fonts, out of 3000000 for 9000
 14 hyphenation exceptions out of 8191
 44i,8n,42p,440b,350s stack positions out of 5000i,500n,10000p,200000b,50000s
<C:/Program Files/MiKTeX 2.8/fonts/type1/public/amsfonts/cm/cm
bx10.pfb><C:/Program Files/MiKTeX 2.8/fonts/type1/public/amsfonts/cm/cmbx12.pfb
><C:/Program Files/MiKTeX 2.8/fonts/type1/public/amsfonts/cm/cmbx8.pfb><C:/Prog
ram Files/MiKTeX 2.8/fonts/type1/public/amsfonts/cm/cmmi10.pfb><C:/Program File
s/MiKTeX 2.8/fonts/type1/public/amsfonts/cm/cmmi7.pfb><C:/Program Files/MiKTeX 
2.8/fonts/type1/public/amsfonts/cm/cmr10.pfb><C:/Program Files/MiKTeX 2.8/fonts
/type1/public/amsfonts/cm/cmr12.pfb><C:/Program Files/MiKTeX 2.8/fonts/type1/pu
blic/amsfonts/cm/cmr17.pfb><C:/Program Files/MiKTeX 2.8/fonts/type1/public/amsf
onts/cm/cmr6.pfb><C:/Program Files/MiKTeX 2.8/fonts/type1/public/amsfonts/cm/cm
r7.pfb><C:/Program Files/MiKTeX 2.8/fonts/type1/public/amsfonts/cm/cmsy10.pfb><
C:/Program Files/MiKTeX 2.8/fonts/type1/public/amsfonts/cm/cmsy7.pfb><C:/Progra
m Files/MiKTeX 2.8/fonts/type1/public/amsfonts/cm/cmtt10.pfb>
Output written on mg_opt5.8-26report.pdf (5 pages, 235749 bytes).
PDF statistics:
 72 PDF objects out of 1000 (max. 8388607)
 0 named destinations out of 1000 (max. 500000)
 11 words of extra memory for PDF output out of 10000 (max. 10000000)

