This is pdfTeX, Version 3.1415926-1.40.10 (MiKTeX 2.8) (preloaded format=pdflatex 2009.11.20)  22 JUL 2011 06:34
entering extended mode
**I:/MATLAB7/work/Sourceforge/sub_WENDY/progress*update/Presentation*slides/Jul
y_22_11ICIAM.tex

("I:/MATLAB7/work/Sourceforge/sub_WENDY/progress update/Presentation slides/Jul
y_22_11ICIAM.tex"
LaTeX2e <2009/09/24>
Babel <v3.8l> and hyphenation patterns for english, dumylang, nohyphenation, ge
rman, ngerman, german-x-2009-06-19, ngerman-x-2009-06-19, french, loaded.
("h:\Program Files\MiKTeX 2.8\tex\latex\beamer\base\beamer.cls"
("h:\Program Files\MiKTeX 2.8\tex\latex\beamer\base\beamerbasercs.sty"
Package: beamerbasercs 2007/01/28 (rcs-revision 1.4)
)
Document Class: beamer 2007/03/11 cvs version 3.07 A class for typesetting pres
entations (rcs-revision 1.70)
("h:\Program Files\MiKTeX 2.8\tex\latex\beamer\base\beamerbasemodes.sty"
Package: beamerbasemodes 2007/01/28 (rcs-revision 1.22)
\beamer@tempbox=\box26
\beamer@tempcount=\count79
\c@beamerpauses=\count80

("h:\Program Files\MiKTeX 2.8\tex\latex\beamer\base\beamerbasedecode.sty"
Package: beamerbasedecode 2007/01/28 (rcs-revision 1.20)
\beamer@slideinframe=\count81
\beamer@minimum=\count82
)
\beamer@commentbox=\box27
\beamer@modecount=\count83
)
\headheight=\dimen102
\headdp=\dimen103
\footheight=\dimen104
\sidebarheight=\dimen105
\beamer@tempdim=\dimen106
\beamer@finalheight=\dimen107
\beamer@animht=\dimen108
\beamer@animdp=\dimen109
\beamer@animwd=\dimen110
\beamer@leftmargin=\dimen111
\beamer@rightmargin=\dimen112
\beamer@leftsidebar=\dimen113
\beamer@rightsidebar=\dimen114
\beamer@boxsize=\dimen115
\beamer@vboxoffset=\dimen116
\beamer@descdefault=\dimen117
\beamer@descriptionwidth=\dimen118
\beamer@lastskip=\skip41
\beamer@areabox=\box28
\beamer@animcurrent=\box29
\beamer@animshowbox=\box30
\beamer@sectionbox=\box31
\beamer@logobox=\box32
\beamer@linebox=\box33
\beamer@sectioncount=\count84
\beamer@subsubsectionmax=\count85
\beamer@subsectionmax=\count86
\beamer@sectionmax=\count87
\beamer@totalheads=\count88
\beamer@headcounter=\count89
\beamer@partstartpage=\count90
\beamer@sectionstartpage=\count91
\beamer@subsectionstartpage=\count92
\beamer@animationtempa=\count93
\beamer@animationtempb=\count94
\beamer@xpos=\count95
\beamer@ypos=\count96
\beamer@showpartnumber=\count97
\beamer@currentsubsection=\count98
\beamer@coveringdepth=\count99
\beamer@sectionadjust=\count100
\beamer@tocsectionnumber=\count101

("h:\Program Files\MiKTeX 2.8\tex\latex\beamer\base\beamerbaseoptions.sty"
Package: beamerbaseoptions 2007/01/28 (rcs-revision 1.8)

("h:\Program Files\MiKTeX 2.8\tex\latex\graphics\keyval.sty"
Package: keyval 1999/03/16 v1.13 key=value parser (DPC)
\KV@toks@=\toks14
))
("h:\Program Files\MiKTeX 2.8\tex\latex\pgf\basiclayer\pgfcore.sty"
("h:\Program Files\MiKTeX 2.8\tex\latex\graphics\graphicx.sty"
Package: graphicx 1999/02/16 v1.0f Enhanced LaTeX Graphics (DPC,SPQR)

("h:\Program Files\MiKTeX 2.8\tex\latex\graphics\graphics.sty"
Package: graphics 2009/02/05 v1.0o Standard LaTeX Graphics (DPC,SPQR)

("h:\Program Files\MiKTeX 2.8\tex\latex\graphics\trig.sty"
Package: trig 1999/03/16 v1.09 sin cos tan (DPC)
)
("h:\Program Files\MiKTeX 2.8\tex\latex\00miktex\graphics.cfg"
File: graphics.cfg 2007/01/18 v1.5 graphics configuration of teTeX/TeXLive
)
Package graphics Info: Driver file: pdftex.def on input line 91.

("h:\Program Files\MiKTeX 2.8\tex\latex\pdftex-def\pdftex.def"
File: pdftex.def 2009/08/25 v0.04m Graphics/color for pdfTeX
\Gread@gobject=\count102
))
\Gin@req@height=\dimen119
\Gin@req@width=\dimen120
)
("h:\Program Files\MiKTeX 2.8\tex\latex\pgf\systemlayer\pgfsys.sty"
("h:\Program Files\MiKTeX 2.8\tex\latex\pgf\utilities\pgfrcs.sty"
("h:\Program Files\MiKTeX 2.8\tex\generic\pgf\utilities\pgfutil-common.tex"
\pgfutil@everybye=\toks15
)
("h:\Program Files\MiKTeX 2.8\tex\generic\pgf\utilities\pgfutil-latex.def")
("h:\Program Files\MiKTeX 2.8\tex\generic\pgf\utilities\pgfrcs.code.tex"
Package: pgfrcs 2008/02/20 v2.00 (rcs-revision 1.21)
))
("h:\Program Files\MiKTeX 2.8\tex\generic\pgf\systemlayer\pgfsys.code.tex"
Package: pgfsys 2008/02/07 v2.00 (rcs-revision 1.31)

("h:\Program Files\MiKTeX 2.8\tex\generic\pgf\utilities\pgfkeys.code.tex"
\pgfkeys@pathtoks=\toks16
\pgfkeys@temptoks=\toks17
)
\pgf@x=\dimen121
\pgf@y=\dimen122
\pgf@xa=\dimen123
\pgf@ya=\dimen124
\pgf@xb=\dimen125
\pgf@yb=\dimen126
\pgf@xc=\dimen127
\pgf@yc=\dimen128
\c@pgf@counta=\count103
\c@pgf@countb=\count104
\c@pgf@countc=\count105
\c@pgf@countd=\count106

("h:\Program Files\MiKTeX 2.8\tex\generic\pgf\systemlayer\pgf.cfg"
File: pgf.cfg 2008/01/13  (rcs-revision 1.6)
)
Package pgfsys Info: Driver file for pgf: pgfsys-pdftex.def on input line 885.

("h:\Program Files\MiKTeX 2.8\tex\generic\pgf\systemlayer\pgfsys-pdftex.def"
File: pgfsys-pdftex.def 2007/12/20  (rcs-revision 1.20)

("h:\Program Files\MiKTeX 2.8\tex\generic\pgf\systemlayer\pgfsys-common-pdf.def
"
File: pgfsys-common-pdf.def 2007/12/17  (rcs-revision 1.8)
)))
("h:\Program Files\MiKTeX 2.8\tex\generic\pgf\systemlayer\pgfsyssoftpath.code.t
ex"
File: pgfsyssoftpath.code.tex 2008/01/23  (rcs-revision 1.6)
\pgfsyssoftpath@smallbuffer@items=\count107
\pgfsyssoftpath@bigbuffer@items=\count108
)
("h:\Program Files\MiKTeX 2.8\tex\generic\pgf\systemlayer\pgfsysprotocol.code.t
ex"
File: pgfsysprotocol.code.tex 2006/10/16  (rcs-revision 1.4)
)) ("h:\Program Files\MiKTeX 2.8\tex\latex\xcolor\xcolor.sty"
Package: xcolor 2007/01/21 v2.11 LaTeX color extensions (UK)

("h:\Program Files\MiKTeX 2.8\tex\latex\00miktex\color.cfg"
File: color.cfg 2007/01/18 v1.5 color configuration of teTeX/TeXLive
)
Package xcolor Info: Driver file: pdftex.def on input line 225.
Package xcolor Info: Model `cmy' substituted by `cmy0' on input line 1337.
Package xcolor Info: Model `hsb' substituted by `rgb' on input line 1341.
Package xcolor Info: Model `RGB' extended on input line 1353.
Package xcolor Info: Model `HTML' substituted by `rgb' on input line 1355.
Package xcolor Info: Model `Hsb' substituted by `hsb' on input line 1356.
Package xcolor Info: Model `tHsb' substituted by `hsb' on input line 1357.
Package xcolor Info: Model `HSB' substituted by `hsb' on input line 1358.
Package xcolor Info: Model `Gray' substituted by `gray' on input line 1359.
Package xcolor Info: Model `wave' substituted by `hsb' on input line 1360.

("h:\Program Files\MiKTeX 2.8\tex\latex\graphics\dvipsnam.def"
File: dvipsnam.def 1999/02/16 v3.0i Driver-dependant file (DPC,SPQR)
))
("h:\Program Files\MiKTeX 2.8\tex\generic\pgf\basiclayer\pgfcore.code.tex"
Package: pgfcore 2008/01/15 v2.00 (rcs-revision 1.6)

("h:\Program Files\MiKTeX 2.8\tex\generic\pgf\math\pgfmath.code.tex"
("h:\Program Files\MiKTeX 2.8\tex\generic\pgf\math\pgfmathcalc.code.tex"
("h:\Program Files\MiKTeX 2.8\tex\generic\pgf\math\pgfmathutil.code.tex"
\pgfmath@box=\box34
)
("h:\Program Files\MiKTeX 2.8\tex\generic\pgf\math\pgfmathparser.code.tex"
\pgfmath@stack=\toks18
\c@pgfmath@parsecounta=\count109
\c@pgfmath@parsecountb=\count110
\c@pgfmath@parsecountc=\count111
\pgfmath@parsex=\dimen129
)
("h:\Program Files\MiKTeX 2.8\tex\generic\pgf\math\pgfmathoperations.code.tex"
("h:\Program Files\MiKTeX 2.8\tex\generic\pgf\math\pgfmathtrig.code.tex")
("h:\Program Files\MiKTeX 2.8\tex\generic\pgf\math\pgfmathrnd.code.tex"))
("h:\Program Files\MiKTeX 2.8\tex\generic\pgf\math\pgfmathbase.code.tex")))
("h:\Program Files\MiKTeX 2.8\tex\generic\pgf\basiclayer\pgfcorepoints.code.tex
"
File: pgfcorepoints.code.tex 2008/02/03  (rcs-revision 1.13)
\pgf@picminx=\dimen130
\pgf@picmaxx=\dimen131
\pgf@picminy=\dimen132
\pgf@picmaxy=\dimen133
\pgf@pathminx=\dimen134
\pgf@pathmaxx=\dimen135
\pgf@pathminy=\dimen136
\pgf@pathmaxy=\dimen137
\pgf@xx=\dimen138
\pgf@xy=\dimen139
\pgf@yx=\dimen140
\pgf@yy=\dimen141
\pgf@zx=\dimen142
\pgf@zy=\dimen143
)
("h:\Program Files\MiKTeX 2.8\tex\generic\pgf\basiclayer\pgfcorepathconstruct.c
ode.tex"
File: pgfcorepathconstruct.code.tex 2008/02/13  (rcs-revision 1.14)
\pgf@path@lastx=\dimen144
\pgf@path@lasty=\dimen145
)
("h:\Program Files\MiKTeX 2.8\tex\generic\pgf\basiclayer\pgfcorepathusage.code.
tex"
File: pgfcorepathusage.code.tex 2008/01/23  (rcs-revision 1.11)
\pgf@shorten@end@additional=\dimen146
\pgf@shorten@start@additional=\dimen147
)
("h:\Program Files\MiKTeX 2.8\tex\generic\pgf\basiclayer\pgfcorescopes.code.tex
"
File: pgfcorescopes.code.tex 2008/01/15  (rcs-revision 1.26)
\pgfpic=\box35
\pgf@hbox=\box36
\pgf@layerbox@main=\box37
\pgf@picture@serial@count=\count112
)
("h:\Program Files\MiKTeX 2.8\tex\generic\pgf\basiclayer\pgfcoregraphicstate.co
de.tex"
File: pgfcoregraphicstate.code.tex 2007/12/12  (rcs-revision 1.8)
\pgflinewidth=\dimen148
)
("h:\Program Files\MiKTeX 2.8\tex\generic\pgf\basiclayer\pgfcoretransformations
.code.tex"
File: pgfcoretransformations.code.tex 2008/02/04  (rcs-revision 1.10)
\pgf@pt@x=\dimen149
\pgf@pt@y=\dimen150
\pgf@pt@temp=\dimen151
)
("h:\Program Files\MiKTeX 2.8\tex\generic\pgf\basiclayer\pgfcorequick.code.tex"
File: pgfcorequick.code.tex 2006/10/11  (rcs-revision 1.2)
)
("h:\Program Files\MiKTeX 2.8\tex\generic\pgf\basiclayer\pgfcoreobjects.code.te
x"
File: pgfcoreobjects.code.tex 2006/10/11  (rcs-revision 1.2)
)
("h:\Program Files\MiKTeX 2.8\tex\generic\pgf\basiclayer\pgfcorepathprocessing.
code.tex"
File: pgfcorepathprocessing.code.tex 2008/01/23  (rcs-revision 1.7)
)
("h:\Program Files\MiKTeX 2.8\tex\generic\pgf\basiclayer\pgfcorearrows.code.tex
"
File: pgfcorearrows.code.tex 2007/06/07  (rcs-revision 1.8)
)
("h:\Program Files\MiKTeX 2.8\tex\generic\pgf\basiclayer\pgfcoreshade.code.tex"
File: pgfcoreshade.code.tex 2007/12/10  (rcs-revision 1.9)
\pgf@max=\dimen152
\pgf@sys@shading@range@num=\count113
) ("h:\Program Files\MiKTeX 2.8\tex\generic\pgf\basiclayer\pgfcoreimage.code.te
x"
File: pgfcoreimage.code.tex 2008/01/15  (rcs-revision 1.1)
\pgfexternal@startupbox=\box38
)
("h:\Program Files\MiKTeX 2.8\tex\generic\pgf\basiclayer\pgfcorelayers.code.tex
"
File: pgfcorelayers.code.tex 2008/01/15  (rcs-revision 1.1)
)
("h:\Program Files\MiKTeX 2.8\tex\generic\pgf\basiclayer\pgfcoretransparency.co
de.tex"
File: pgfcoretransparency.code.tex 2008/01/17  (rcs-revision 1.2)
)
("h:\Program Files\MiKTeX 2.8\tex\generic\pgf\basiclayer\pgfcorepatterns.code.t
ex"
File: pgfcorepatterns.code.tex 2008/01/15  (rcs-revision 1.1)
))) ("h:\Program Files\MiKTeX 2.8\tex\latex\pgf\basiclayer\pgfbaseimage.sty"

Package pgf Warning: This package is obsolete and no longer needed on input lin
e 13.

) ("h:\Program Files\MiKTeX 2.8\tex\latex\pgf\utilities\xxcolor.sty"
Package: xxcolor 2003/10/24 ver 0.1
\XC@nummixins=\count114
\XC@countmixins=\count115
)
("h:\Program Files\MiKTeX 2.8\tex\latex\amsfonts\amssymb.sty"
Package: amssymb 2009/06/22 v3.00

("h:\Program Files\MiKTeX 2.8\tex\latex\amsfonts\amsfonts.sty"
Package: amsfonts 2009/06/22 v3.00 Basic AMSFonts support
\@emptytoks=\toks19
\symAMSa=\mathgroup4
\symAMSb=\mathgroup5
LaTeX Font Info:    Overwriting math alphabet `\mathfrak' in version `bold'
(Font)                  U/euf/m/n --> U/euf/b/n on input line 96.
))
("h:\Program Files\MiKTeX 2.8\tex\latex\geometry\geometry.sty"
Package: geometry 2008/12/21 v4.2 Page Geometry

("h:\Program Files\MiKTeX 2.8\tex\generic\oberdiek\ifpdf.sty"
Package: ifpdf 2009/04/10 v2.0 Provides the ifpdf switch (HO)
Package ifpdf Info: pdfTeX in pdf mode detected.
)
("h:\Program Files\MiKTeX 2.8\tex\generic\oberdiek\ifvtex.sty"
Package: ifvtex 2008/11/04 v1.4 Switches for detecting VTeX and its modes (HO)
Package ifvtex Info: VTeX not detected.
)
\Gm@cnth=\count116
\Gm@cntv=\count117
\c@Gm@tempcnt=\count118
\Gm@bindingoffset=\dimen153
\Gm@wd@mp=\dimen154
\Gm@odd@mp=\dimen155
\Gm@even@mp=\dimen156
\Gm@dimlist=\toks20

("h:\Program Files\MiKTeX 2.8\tex\latex\geometry\geometry.cfg"))
("h:\Program Files\MiKTeX 2.8\tex\latex\hyperref\hyperref.sty"
Package: hyperref 2009/11/15 v6.79f Hypertext links for LaTeX

("h:\Program Files\MiKTeX 2.8\tex\latex\ifxetex\ifxetex.sty"
Package: ifxetex 2009/01/23 v0.5 Provides ifxetex conditional
)
("h:\Program Files\MiKTeX 2.8\tex\latex\oberdiek\hycolor.sty"
Package: hycolor 2009/10/02 v1.5 Code for color options of hyperref/bookmark (H
O)

("h:\Program Files\MiKTeX 2.8\tex\latex\oberdiek\xcolor-patch.sty"
Package: xcolor-patch 2009/10/02 xcolor patch
))
\@linkdim=\dimen157
\Hy@linkcounter=\count119
\Hy@pagecounter=\count120

("h:\Program Files\MiKTeX 2.8\tex\latex\hyperref\pd1enc.def"
File: pd1enc.def 2009/11/15 v6.79f Hyperref: PDFDocEncoding definition (HO)
)
("h:\Program Files\MiKTeX 2.8\tex\generic\oberdiek\etexcmds.sty"
Package: etexcmds 2007/12/12 v1.2 Prefix for e-TeX command names (HO)

("h:\Program Files\MiKTeX 2.8\tex\generic\oberdiek\infwarerr.sty"
Package: infwarerr 2007/09/09 v1.2 Providing info/warning/message (HO)
)
Package etexcmds Info: Could not find \expanded.
(etexcmds)             That can mean that you are not using pdfTeX 1.50 or
(etexcmds)             that some package has redefined \expanded.
(etexcmds)             In the latter case, load this package earlier.
)
("h:\Program Files\MiKTeX 2.8\tex\latex\00miktex\hyperref.cfg"
File: hyperref.cfg 2002/06/06 v1.2 hyperref configuration of TeXLive
)
("h:\Program Files\MiKTeX 2.8\tex\latex\oberdiek\kvoptions.sty"
Package: kvoptions 2009/08/13 v3.4 Keyval support for LaTeX options (HO)

("h:\Program Files\MiKTeX 2.8\tex\generic\oberdiek\kvsetkeys.sty"
Package: kvsetkeys 2009/07/30 v1.5 Key value parser with default handler suppor
t (HO)
))
Package hyperref Info: Option `bookmarks' set `true' on input line 2864.
Package hyperref Info: Option `bookmarksopen' set `true' on input line 2864.
Package hyperref Info: Option `implicit' set `false' on input line 2864.
Package hyperref Info: Hyper figures OFF on input line 2975.
Package hyperref Info: Link nesting OFF on input line 2980.
Package hyperref Info: Hyper index ON on input line 2983.
Package hyperref Info: Plain pages OFF on input line 2990.
Package hyperref Info: Backreferencing OFF on input line 2995.

Implicit mode OFF; no redefinition of LaTeX internals
Package hyperref Info: Bookmarks ON on input line 3191.
("h:\Program Files\MiKTeX 2.8\tex\latex\ltxmisc\url.sty"
\Urlmuskip=\muskip10
Package: url 2006/04/12  ver 3.3  Verb mode for urls, etc.
)
LaTeX Info: Redefining \url on input line 3428.

("h:\Program Files\MiKTeX 2.8\tex\generic\oberdiek\bitset.sty"
Package: bitset 2007/09/28 v1.0 Data type bit set (HO)

("h:\Program Files\MiKTeX 2.8\tex\generic\oberdiek\intcalc.sty"
Package: intcalc 2007/09/27 v1.1 Expandable integer calculations (HO)
)
("h:\Program Files\MiKTeX 2.8\tex\generic\oberdiek\bigintcalc.sty"
Package: bigintcalc 2007/11/11 v1.1 Expandable big integer calculations (HO)

("h:\Program Files\MiKTeX 2.8\tex\generic\oberdiek\pdftexcmds.sty"
Package: pdftexcmds 2009/09/23 v0.6 LuaTeX support for pdfTeX utility functions
 (HO)

("h:\Program Files\MiKTeX 2.8\tex\generic\oberdiek\ifluatex.sty"
Package: ifluatex 2009/04/17 v1.2 Provides the ifluatex switch (HO)
Package ifluatex Info: LuaTeX not detected.
)
("h:\Program Files\MiKTeX 2.8\tex\generic\oberdiek\ltxcmds.sty"
Package: ltxcmds 2009/08/05 v1.0 Some LaTeX kernel commands for general use (HO
)
)
Package pdftexcmds Info: LuaTeX not detected.
Package pdftexcmds Info: \pdf@primitive is available.
Package pdftexcmds Info: \pdf@ifprimitive is available.
)))
\Fld@menulength=\count121
\Field@Width=\dimen158
\Fld@charsize=\dimen159
\Field@toks=\toks21
Package hyperref Info: Hyper figures OFF on input line 4377.
Package hyperref Info: Link nesting OFF on input line 4382.
Package hyperref Info: Hyper index ON on input line 4385.
Package hyperref Info: backreferencing OFF on input line 4392.
Package hyperref Info: Link coloring OFF on input line 4397.
Package hyperref Info: Link coloring with OCG OFF on input line 4402.
Package hyperref Info: PDF/A mode OFF on input line 4407.

("h:\Program Files\MiKTeX 2.8\tex\generic\oberdiek\atbegshi.sty"
Package: atbegshi 2008/07/31 v1.9 At begin shipout hook (HO)
)

Package hyperref Warning: Option `pdfpagelabels' is turned off
(hyperref)                because \thepage is undefined.

Hyperref stopped early
)
*hyperref using default driver hpdftex*
("h:\Program Files\MiKTeX 2.8\tex\latex\hyperref\hpdftex.def"
File: hpdftex.def 2009/11/15 v6.79f Hyperref driver for pdfTeX
\Fld@listcount=\count122
\c@bookmark@seq@number=\count123
)
("h:\Program Files\MiKTeX 2.8\tex\latex\base\size10.clo"
File: size10.clo 2007/10/19 v1.4h Standard LaTeX file (size option)
)
("h:\Program Files\MiKTeX 2.8\tex\latex\beamer\base\beamerbasecompatibility.sty
"
Package: beamerbasecompatibility 2007/01/28  (rcs-revision 1.63)
) ("h:\Program Files\MiKTeX 2.8\tex\latex\beamer\base\beamerbasefont.sty"
Package: beamerbasefont 2007/01/28  (rcs-revision 1.16)
)
("h:\Program Files\MiKTeX 2.8\tex\latex\beamer\base\beamerbasemisc.sty"
Package: beamerbasemisc 2007/01/28  (rcs-revision 1.24)
)
("h:\Program Files\MiKTeX 2.8\tex\latex\beamer\base\beamerbasetwoscreens.sty"
Package: beamerbasetwoscreens 2007/01/28  (rcs-revision 1.7)
)
("h:\Program Files\MiKTeX 2.8\tex\latex\beamer\base\beamerbaseoverlay.sty"
Package: beamerbaseoverlay 2007/01/28  (rcs-revision 1.50)
\beamer@argscount=\count124
\beamer@lastskipcover=\skip42
\beamer@trivlistdepth=\count125
)
("h:\Program Files\MiKTeX 2.8\tex\latex\beamer\base\beamerbasetitle.sty"
Package: beamerbasetitle 2007/01/28  (rcs-revision 1.25)
)
("h:\Program Files\MiKTeX 2.8\tex\latex\beamer\base\beamerbasesection.sty"
Package: beamerbasesection 2007/01/28  (rcs-revision 1.21)
\c@lecture=\count126
\c@part=\count127
\c@section=\count128
\c@subsection=\count129
\c@subsubsection=\count130
)
("h:\Program Files\MiKTeX 2.8\tex\latex\beamer\base\beamerbaseframe.sty"
Package: beamerbaseframe 2007/01/28  (rcs-revision 1.60)
\beamer@framebox=\box39
\beamer@frametitlebox=\box40
\beamer@zoombox=\box41
\beamer@zoomcount=\count131
\beamer@zoomframecount=\count132
\beamer@frametextheight=\dimen160
\c@subsectionslide=\count133
\beamer@frametopskip=\skip43
\beamer@framebottomskip=\skip44
\beamer@frametopskipautobreak=\skip45
\beamer@framebottomskipautobreak=\skip46
\beamer@envbody=\toks22
\c@framenumber=\count134
)
("h:\Program Files\MiKTeX 2.8\tex\latex\beamer\base\beamerbaseverbatim.sty"
Package: beamerbaseverbatim 2007/01/28  (rcs-revision 1.8)
\beamer@verbatimfileout=\write3
)
("h:\Program Files\MiKTeX 2.8\tex\latex\beamer\base\beamerbaseframesize.sty"
Package: beamerbaseframesize 2007/01/28  (rcs-revision 1.18)
\beamer@splitbox=\box42
\beamer@autobreakcount=\count135
\beamer@autobreaklastheight=\dimen161
\beamer@frametitletoks=\toks23
\beamer@framesubtitletoks=\toks24
)
("h:\Program Files\MiKTeX 2.8\tex\latex\beamer\base\beamerbaseframecomponents.s
ty"
Package: beamerbaseframecomponents 2007/01/28  (rcs-revision 1.41)
\beamer@footins=\box43
) ("h:\Program Files\MiKTeX 2.8\tex\latex\beamer\base\beamerbasecolor.sty"
Package: beamerbasecolor 2007/01/28  (rcs-revision 1.42)
)
("h:\Program Files\MiKTeX 2.8\tex\latex\beamer\base\beamerbasenotes.sty"
Package: beamerbasenotes 2007/01/28  (rcs-revision 1.23)
\beamer@frameboxcopy=\box44
)
("h:\Program Files\MiKTeX 2.8\tex\latex\beamer\base\beamerbasetoc.sty"
Package: beamerbasetoc 2007/01/28  (rcs-revision 1.21)
)
("h:\Program Files\MiKTeX 2.8\tex\latex\beamer\base\beamerbasetemplates.sty"
Package: beamerbasetemplates 2007/01/28  (rcs-revision 1.51)
\beamer@sbttoks=\toks25

("h:\Program Files\MiKTeX 2.8\tex\latex\beamer\base\beamerbaseauxtemplates.sty"
Package: beamerbaseauxtemplates 2007/01/28  (rcs-revision 1.28)
("h:\Program Files\MiKTeX 2.8\tex\latex\beamer\base\beamerbaseboxes.sty"
Package: beamerbaseboxes 2007/03/11  (rcs-revision 1.32)
\bmb@box=\box45
\bmb@colorbox=\box46
\bmb@boxshadow=\box47
\bmb@boxshadowball=\box48
\bmb@boxshadowballlarge=\box49
\bmb@temp=\dimen162
\bmb@dima=\dimen163
\bmb@dimb=\dimen164
\bmb@prevheight=\dimen165
)
\beamer@blockheadheight=\dimen166
))
("h:\Program Files\MiKTeX 2.8\tex\latex\beamer\base\beamerbaselocalstructure.st
y"
Package: beamerbaselocalstructure 2007/01/28  (rcs-revision 1.53)
 ("h:\Program Files\MiKTeX 2.8\tex\latex\tools\enumerate.sty"
Package: enumerate 1999/03/05 v3.00 enumerate extensions (DPC)
\@enLab=\toks26
)
\c@figure=\count136
\c@table=\count137
\abovecaptionskip=\skip47
\belowcaptionskip=\skip48
)
("h:\Program Files\MiKTeX 2.8\tex\latex\beamer\base\beamerbasenavigation.sty"
Package: beamerbasenavigation 2007/01/28  (rcs-revision 1.36)
)
("h:\Program Files\MiKTeX 2.8\tex\latex\beamer\base\beamerbasetheorems.sty"
Package: beamerbasetheorems 2007/01/28  (rcs-revision 1.10)

("h:\Program Files\MiKTeX 2.8\tex\latex\translator\base\translator.sty"
Package: translator 2007/03/11 ver 1.00

("h:\Program Files\MiKTeX 2.8\tex\latex\translator\base\translator-language-map
pings.tex")) ("h:\Program Files\MiKTeX 2.8\tex\latex\ams\math\amsmath.sty"
Package: amsmath 2000/07/18 v2.13 AMS math features
\@mathmargin=\skip49

For additional information on amsmath, use the `?' option.
("h:\Program Files\MiKTeX 2.8\tex\latex\ams\math\amstext.sty"
Package: amstext 2000/06/29 v2.01

("h:\Program Files\MiKTeX 2.8\tex\latex\ams\math\amsgen.sty"
File: amsgen.sty 1999/11/30 v2.0
\@emptytoks=\toks27
\ex@=\dimen167
))
("h:\Program Files\MiKTeX 2.8\tex\latex\ams\math\amsbsy.sty"
Package: amsbsy 1999/11/29 v1.2d
\pmbraise@=\dimen168
)
("h:\Program Files\MiKTeX 2.8\tex\latex\ams\math\amsopn.sty"
Package: amsopn 1999/12/14 v2.01 operator names
)
\inf@bad=\count138
LaTeX Info: Redefining \frac on input line 211.
\uproot@=\count139
\leftroot@=\count140
LaTeX Info: Redefining \overline on input line 307.
\classnum@=\count141
\DOTSCASE@=\count142
LaTeX Info: Redefining \ldots on input line 379.
LaTeX Info: Redefining \dots on input line 382.
LaTeX Info: Redefining \cdots on input line 467.
\Mathstrutbox@=\box50
\strutbox@=\box51
\big@size=\dimen169
LaTeX Font Info:    Redeclaring font encoding OML on input line 567.
LaTeX Font Info:    Redeclaring font encoding OMS on input line 568.
\macc@depth=\count143
\c@MaxMatrixCols=\count144
\dotsspace@=\muskip11
\c@parentequation=\count145
\dspbrk@lvl=\count146
\tag@help=\toks28
\row@=\count147
\column@=\count148
\maxfields@=\count149
\andhelp@=\toks29
\eqnshift@=\dimen170
\alignsep@=\dimen171
\tagshift@=\dimen172
\tagwidth@=\dimen173
\totwidth@=\dimen174
\lineht@=\dimen175
\@envbody=\toks30
\multlinegap=\skip50
\multlinetaggap=\skip51
\mathdisplay@stack=\toks31
LaTeX Info: Redefining \[ on input line 2666.
LaTeX Info: Redefining \] on input line 2667.
)
("h:\Program Files\MiKTeX 2.8\tex\latex\ams\classes\amsthm.sty"
Package: amsthm 2004/08/06 v2.20
\thm@style=\toks32
\thm@bodyfont=\toks33
\thm@headfont=\toks34
\thm@notefont=\toks35
\thm@headpunct=\toks36
\thm@preskip=\skip52
\thm@postskip=\skip53
\thm@headsep=\skip54
\dth@everypar=\toks37
)
\c@theorem=\count150
)
("h:\Program Files\MiKTeX 2.8\tex\latex\beamer\base\beamerbasethemes.sty"
Package: beamerbasethemes 2007/01/28  (rcs-revision 1.10)
)
("h:\Program Files\MiKTeX 2.8\tex\latex\beamer\themes\theme\beamerthemedefault.
sty"
Package: beamerthemedefault 2007/01/28  (rcs-revision 1.7)

("h:\Program Files\MiKTeX 2.8\tex\latex\beamer\themes\font\beamerfontthemedefau
lt.sty"
Package: beamerfontthemedefault 2007/01/28  (rcs-revision 1.13)
)
("h:\Program Files\MiKTeX 2.8\tex\latex\beamer\themes\color\beamercolorthemedef
ault.sty"
Package: beamercolorthemedefault 2007/01/28  (rcs-revision 1.28)
)
("h:\Program Files\MiKTeX 2.8\tex\latex\beamer\themes\inner\beamerinnerthemedef
ault.sty"
Package: beamerinnerthemedefault 2007/01/28  (rcs-revision 1.20)
\beamer@dima=\dimen176
\beamer@dimb=\dimen177
)
("h:\Program Files\MiKTeX 2.8\tex\latex\beamer\themes\outer\beamerouterthemedef
ault.sty"
Package: beamerouterthemedefault 2007/01/28  (rcs-revision 1.14)
)))
("h:\Program Files\MiKTeX 2.8\tex\latex\beamer\extensions\multimedia\multimedia
.sty"
Package: multimedia 2004/04/10 ver 0.01
\mm@movie=\count151
) ("h:\Program Files\MiKTeX 2.8\tex\latex\epsf\epsf.sty"
This is `epsf.tex' v2.7.3 <23 July 2005>
\epsffilein=\read1
\epsfframemargin=\dimen178
\epsfframethickness=\dimen179
\epsfrsize=\dimen180
\epsftmp=\dimen181
\epsftsize=\dimen182
\epsfxsize=\dimen183
\epsfysize=\dimen184
\pspoints=\dimen185
)
("h:\Program Files\MiKTeX 2.8\tex\latex\beamer\themes\theme\beamerthemeCambridg
eUS.sty"
Package: beamerthemeCambridgeUS 2007/01/28  (rcs-revision 1.2)

("h:\Program Files\MiKTeX 2.8\tex\latex\beamer\themes\inner\beamerinnerthemerou
nded.sty"
Package: beamerinnerthemerounded 2007/01/28  (rcs-revision 1.5)
)
("h:\Program Files\MiKTeX 2.8\tex\latex\beamer\themes\outer\beamerouterthemeinf
olines.sty"
Package: beamerouterthemeinfolines 2007/01/28  (rcs-revision 1.9)
)
("h:\Program Files\MiKTeX 2.8\tex\latex\beamer\themes\color\beamercolorthemebea
ver.sty"
Package: beamercolorthemebeaver 2007/01/28  (rcs-revision 1.2)
))
\@input{CVT_macros.aux}

("I:\MATLAB7\work\Sourceforge\sub_WENDY\progress update\Presentation slides\CVT
_macros.tex"
\c@alg=\count152
\c@thm=\count153
\c@pro=\count154
\c@defn=\count155
\c@asp=\count156
\c@rmk=\count157
)

Package hyperref Warning: Token not allowed in a PDF string (PDFDocEncoding):
(hyperref)                removing `\\' on input line 12.


Package hyperref Warning: Token not allowed in a PDF string (PDFDocEncoding):
(hyperref)                removing `\\' on input line 12.


Package hyperref Warning: Token not allowed in a PDF string (PDFDocEncoding):
(hyperref)                removing `\\' on input line 12.


Package hyperref Warning: Token not allowed in a PDF string (PDFDocEncoding):
(hyperref)                \hskip 10.00002pt
(hyperref)                replaced by space on input line 12.


Package hyperref Warning: Token not allowed in a PDF string (PDFDocEncoding):
(hyperref)                \hskip 10.00002pt
(hyperref)                replaced by space on input line 12.


Package hyperref Warning: Token not allowed in a PDF string (PDFDocEncoding):
(hyperref)                removing `\\' on input line 12.


Package hyperref Warning: Token not allowed in a PDF string (PDFDocEncoding):
(hyperref)                \hskip 10.00002pt
(hyperref)                replaced by space on input line 12.


Package hyperref Warning: Token not allowed in a PDF string (PDFDocEncoding):
(hyperref)                \hskip 10.00002pt
(hyperref)                replaced by space on input line 12.


Package hyperref Warning: Token not allowed in a PDF string (PDFDocEncoding):
(hyperref)                removing `\\' on input line 12.


Package hyperref Warning: Token not allowed in a PDF string (PDFDocEncoding):
(hyperref)                removing `\\' on input line 12.


Package hyperref Warning: Token not allowed in a PDF string (PDFDocEncoding):
(hyperref)                removing `\\' on input line 12.


("I:\MATLAB7\work\Sourceforge\sub_WENDY\progress update\Presentation slides\Jul
y_22_11ICIAM.aux")
LaTeX Font Info:    Checking defaults for OML/cmm/m/it on input line 19.
LaTeX Font Info:    ... okay on input line 19.
LaTeX Font Info:    Checking defaults for T1/cmr/m/n on input line 19.
LaTeX Font Info:    ... okay on input line 19.
LaTeX Font Info:    Checking defaults for OT1/cmr/m/n on input line 19.
LaTeX Font Info:    ... okay on input line 19.
LaTeX Font Info:    Checking defaults for OMS/cmsy/m/n on input line 19.
LaTeX Font Info:    ... okay on input line 19.
LaTeX Font Info:    Checking defaults for OMX/cmex/m/n on input line 19.
LaTeX Font Info:    ... okay on input line 19.
LaTeX Font Info:    Checking defaults for U/cmr/m/n on input line 19.
LaTeX Font Info:    ... okay on input line 19.
LaTeX Font Info:    Checking defaults for PD1/pdf/m/n on input line 19.
LaTeX Font Info:    ... okay on input line 19.
 ("h:\Program Files\MiKTeX 2.8\tex\context\base\supp-pdf.tex"
[Loading MPS to PDF converter (version 2006.09.02).]
\scratchcounter=\count158
\scratchdimen=\dimen186
\scratchbox=\box52
\nofMPsegments=\count159
\nofMParguments=\count160
\everyMPshowfont=\toks38
\MPscratchCnt=\count161
\MPscratchDim=\dimen187
\MPnumerator=\count162
\everyMPtoPDFconversion=\toks39
)
*geometry auto-detecting driver*
*geometry detected driver: pdftex*
-------------------- Geometry parameters
paper: user defined
landscape: --
twocolumn: --
twoside: --
asymmetric: --
h-parts: 10.00002pt, 344.19533pt, 10.00002pt
v-parts: 0.0pt, 273.14662pt, 0.0pt
hmarginratio: --
vmarginratio: --
lines: --
heightrounded: --
bindingoffset: 0.0pt
truedimen: --
includehead: true
includefoot: true
includemp: --
driver: pdftex
-------------------- Page layout dimensions and switches
\paperwidth  364.19536pt
\paperheight 273.14662pt
\textwidth  344.19533pt
\textheight 244.6939pt
\oddsidemargin  -62.26997pt
\evensidemargin -62.26997pt
\topmargin  -72.26999pt
\headheight 14.22636pt
\headsep    0.0pt
\footskip   14.22636pt
\marginparwidth 3.0pt
\marginparsep   11.0pt
\columnsep  10.0pt
\skip\footins  9.0pt plus 4.0pt minus 2.0pt
\hoffset 0.0pt
\voffset 0.0pt
\mag 1000

(1in=72.27pt, 1cm=28.45pt)
-----------------------
Package hyperref Info: Link coloring OFF on input line 19.
("h:\Program Files\MiKTeX 2.8\tex\latex\hyperref\nameref.sty"
Package: nameref 2007/05/29 v2.31 Cross-referencing by name of section

("h:\Program Files\MiKTeX 2.8\tex\latex\oberdiek\refcount.sty"
Package: refcount 2008/08/11 v3.1 Data extraction from references (HO)
)
\c@section@level=\count163
)
LaTeX Info: Redefining \ref on input line 19.
LaTeX Info: Redefining \pageref on input line 19.

("I:\MATLAB7\work\Sourceforge\sub_WENDY\progress update\Presentation slides\Jul
y_22_11ICIAM.out")
("I:\MATLAB7\work\Sourceforge\sub_WENDY\progress update\Presentation slides\Jul
y_22_11ICIAM.out")
\@outlinefile=\write4
\AtBeginShipoutBox=\box53
LaTeX Font Info:    Overwriting symbol font `operators' in version `normal'
(Font)                  OT1/cmr/m/n --> OT1/cmss/m/n on input line 19.
LaTeX Font Info:    Overwriting symbol font `operators' in version `bold'
(Font)                  OT1/cmr/bx/n --> OT1/cmss/bx/n on input line 19.
\symnumbers=\mathgroup6
\sympureletters=\mathgroup7
LaTeX Font Info:    Overwriting math alphabet `\mathrm' in version `normal'
(Font)                  OT1/cmss/m/n --> OT1/cmr/m/n on input line 19.
LaTeX Font Info:    Redeclaring math alphabet \mathbf on input line 19.
LaTeX Font Info:    Overwriting math alphabet `\mathbf' in version `normal'
(Font)                  OT1/cmr/bx/n --> OT1/cmss/bx/n on input line 19.
LaTeX Font Info:    Overwriting math alphabet `\mathbf' in version `bold'
(Font)                  OT1/cmr/bx/n --> OT1/cmss/bx/n on input line 19.
LaTeX Font Info:    Redeclaring math alphabet \mathsf on input line 19.
LaTeX Font Info:    Overwriting math alphabet `\mathsf' in version `normal'
(Font)                  OT1/cmss/m/n --> OT1/cmss/m/n on input line 19.
LaTeX Font Info:    Overwriting math alphabet `\mathsf' in version `bold'
(Font)                  OT1/cmss/bx/n --> OT1/cmss/m/n on input line 19.
LaTeX Font Info:    Redeclaring math alphabet \mathit on input line 19.
LaTeX Font Info:    Overwriting math alphabet `\mathit' in version `normal'
(Font)                  OT1/cmr/m/it --> OT1/cmss/m/it on input line 19.
LaTeX Font Info:    Overwriting math alphabet `\mathit' in version `bold'
(Font)                  OT1/cmr/bx/it --> OT1/cmss/m/it on input line 19.
LaTeX Font Info:    Redeclaring math alphabet \mathtt on input line 19.
LaTeX Font Info:    Overwriting math alphabet `\mathtt' in version `normal'
(Font)                  OT1/cmtt/m/n --> OT1/cmtt/m/n on input line 19.
LaTeX Font Info:    Overwriting math alphabet `\mathtt' in version `bold'
(Font)                  OT1/cmtt/m/n --> OT1/cmtt/m/n on input line 19.
LaTeX Font Info:    Overwriting symbol font `numbers' in version `bold'
(Font)                  OT1/cmss/m/n --> OT1/cmss/bx/n on input line 19.
LaTeX Font Info:    Overwriting symbol font `pureletters' in version `bold'
(Font)                  OT1/cmss/m/it --> OT1/cmss/bx/it on input line 19.
LaTeX Font Info:    Overwriting math alphabet `\mathrm' in version `bold'
(Font)                  OT1/cmss/bx/n --> OT1/cmr/bx/n on input line 19.
LaTeX Font Info:    Overwriting math alphabet `\mathbf' in version `bold'
(Font)                  OT1/cmss/bx/n --> OT1/cmss/bx/n on input line 19.
LaTeX Font Info:    Overwriting math alphabet `\mathsf' in version `bold'
(Font)                  OT1/cmss/m/n --> OT1/cmss/bx/n on input line 19.
LaTeX Font Info:    Overwriting math alphabet `\mathit' in version `bold'
(Font)                  OT1/cmss/m/it --> OT1/cmss/bx/it on input line 19.
LaTeX Font Info:    Overwriting math alphabet `\mathtt' in version `bold'
(Font)                  OT1/cmtt/m/n --> OT1/cmtt/bx/n on input line 19.

("h:\Program Files\MiKTeX 2.8\tex\latex\translator\dicts\theorem\translator-the
orem-dictionary-English.dict"
Dictionary: translator-theorem-dictionary, Language: English 
)
("I:\MATLAB7\work\Sourceforge\sub_WENDY\progress update\Presentation slides\Jul
y_22_11ICIAM.nav")

LaTeX Font Warning: Font shape `OT1/cmss/m/n' in size <4> not available
(Font)              size <5> substituted on input line 20.

[1



{C:/ProgramData/MiKTeX/2.8/pdftex/config/pdftex.map}] [2

]
LaTeX Font Info:    Try loading font information for U+msa on input line 78.

("h:\Program Files\MiKTeX 2.8\tex\latex\amsfonts\umsa.fd"
File: umsa.fd 2009/06/22 v3.00 AMS symbols A
)
LaTeX Font Info:    Try loading font information for U+msb on input line 78.

("h:\Program Files\MiKTeX 2.8\tex\latex\amsfonts\umsb.fd"
File: umsb.fd 2009/06/22 v3.00 AMS symbols B
)
<CVTs.jpg, id=85, 437.38406pt x 469.755pt>
File: CVTs.jpg Graphic file (type jpg)
 <use CVTs.jpg> [3

 <I:/MATLAB7/work/Sourceforge/sub_WENDY/progress update/Presentation slides/CVT
s.jpg>] [4

]
[5

] [6

] [7

] [8

] [9

]
<valgrad512_MG_OPT_LLOYD.jpg, id=143, 372.64218pt x 287.57437pt>
File: valgrad512_MG_OPT_LLOYD.jpg Graphic file (type jpg)

<use valgrad512_MG_OPT_LLOYD.jpg>
<nonr_512mg_opt_lloyd.jpg, id=144, 509.65407pt x 371.13657pt>
File: nonr_512mg_opt_lloyd.jpg Graphic file (type jpg)

<use nonr_512mg_opt_lloyd.jpg> [10

 <I:/MATLAB7/work/Sourceforge/sub_WENDY/progress update/Presentation slides/val
grad512_MG_OPT_LLOYD.jpg> <I:/MATLAB7/work/Sourceforge/sub_WENDY/progress updat
e/Presentation slides/nonr_512mg_opt_lloyd.jpg>] <ave_uni_mg_opt1.jpg, id=151, 
768.62157pt x 246.9225pt>
File: ave_uni_mg_opt1.jpg Graphic file (type jpg)

<use ave_uni_mg_opt1.jpg> [11

 <I:/MATLAB7/work/Sourceforge/sub_WENDY/progress update/Presentation slides/ave
_uni_mg_opt1.jpg>]
<diff_nonlgt.jpg, id=158, 834.11626pt x 259.97125pt>
File: diff_nonlgt.jpg Graphic file (type jpg)
 <use diff_nonlgt.jpg>
[12

 <I:/MATLAB7/work/Sourceforge/sub_WENDY/progress update/Presentation slides/dif
f_nonlgt.jpg>] <uniform_mg_ml.jpg, id=165, 493.845pt x 239.89626pt>
File: uniform_mg_ml.jpg Graphic file (type jpg)

<use uniform_mg_ml.jpg> [13

 <I:/MATLAB7/work/Sourceforge/sub_WENDY/progress update/Presentation slides/uni
form_mg_ml.jpg>] [14

]
<comp_opt_mg_low1.jpg, id=181, 744.53156pt x 248.42813pt>
File: comp_opt_mg_low1.jpg Graphic file (type jpg)

<use comp_opt_mg_low1.jpg> [15

 <I:/MATLAB7/work/Sourceforge/sub_WENDY/progress update/Presentation slides/com
p_opt_mg_low1.jpg>] [16

] [17

]
\tf@nav=\write5
\tf@toc=\write6
\tf@snm=\write7

("I:\MATLAB7\work\Sourceforge\sub_WENDY\progress update\Presentation slides\Jul
y_22_11ICIAM.aux")

LaTeX Font Warning: Size substitutions with differences
(Font)              up to 1.0pt have occurred.

 ) 
Here is how much of TeX's memory you used:
 13236 strings out of 495285
 236856 string characters out of 3180393
 320539 words of memory out of 3000000
 16022 multiletter control sequences out of 15000+200000
 15923 words of font info for 61 fonts, out of 3000000 for 9000
 14 hyphenation exceptions out of 8191
 45i,16n,58p,418b,718s stack positions out of 5000i,500n,10000p,200000b,50000s
<h:/Program Files/MiKTeX 2.8/fonts/type1/public/amsfonts/cm/cmex10.pfb><h:/Pr
ogram Files/MiKTeX 2.8/fonts/type1/public/amsfonts/cmextra/cmex8.pfb><h:/Progra
m Files/MiKTeX 2.8/fonts/type1/public/amsfonts/cmextra/cmex9.pfb><h:/Program Fi
les/MiKTeX 2.8/fonts/type1/public/amsfonts/cm/cmmi10.pfb><h:/Program Files/MiKT
eX 2.8/fonts/type1/public/amsfonts/cm/cmmi8.pfb><h:/Program Files/MiKTeX 2.8/fo
nts/type1/public/amsfonts/cm/cmmi9.pfb><h:/Program Files/MiKTeX 2.8/fonts/type1
/public/amsfonts/cm/cmss10.pfb><h:/Program Files/MiKTeX 2.8/fonts/type1/public/
amsfonts/cm/cmss12.pfb><h:/Program Files/MiKTeX 2.8/fonts/type1/public/amsfonts
/cm/cmss8.pfb><h:/Program Files/MiKTeX 2.8/fonts/type1/public/amsfonts/cm/cmss9
.pfb><h:/Program Files/MiKTeX 2.8/fonts/type1/public/amsfonts/cm/cmssbx10.pfb><
h:/Program Files/MiKTeX 2.8/fonts/type1/public/amsfonts/cm/cmssi10.pfb><h:/Prog
ram Files/MiKTeX 2.8/fonts/type1/public/amsfonts/cm/cmssi8.pfb><h:/Program File
s/MiKTeX 2.8/fonts/type1/public/amsfonts/cm/cmssi9.pfb><h:/Program Files/MiKTeX
 2.8/fonts/type1/public/amsfonts/cm/cmsy10.pfb><h:/Program Files/MiKTeX 2.8/fon
ts/type1/public/amsfonts/cm/cmsy6.pfb><h:/Program Files/MiKTeX 2.8/fonts/type1/
public/amsfonts/cm/cmsy7.pfb><h:/Program Files/MiKTeX 2.8/fonts/type1/public/am
sfonts/cm/cmsy8.pfb><h:/Program Files/MiKTeX 2.8/fonts/type1/public/amsfonts/cm
/cmsy9.pfb><h:/Program Files/MiKTeX 2.8/fonts/type1/public/amsfonts/cm/cmtt10.p
fb>
Output written on July_22_11ICIAM.pdf (17 pages, 559007 bytes).
PDF statistics:
 274 PDF objects out of 1000 (max. 8388607)
 47 named destinations out of 1000 (max. 500000)
 190 words of extra memory for PDF output out of 10000 (max. 10000000)

